{"/home/ilya/Workspace/dgeni-alive/src/packages/links-ext/mocks/mockPackage.js":{"path":"/home/ilya/Workspace/dgeni-alive/src/packages/links-ext/mocks/mockPackage.js","s":{"1":1,"2":1,"3":3,"4":3},"b":{},"f":{"1":3,"2":3,"3":3},"fnMap":{"1":{"name":"mockPackage","line":3,"loc":{"start":{"line":3,"column":17},"end":{"line":3,"column":40}}},"2":{"name":"(anonymous_2)","line":8,"loc":{"start":{"line":8,"column":18},"end":{"line":8,"column":29}}},"3":{"name":"dummyTemplateEngine","line":11,"loc":{"start":{"line":11,"column":29},"end":{"line":11,"column":60}}}},"statementMap":{"1":{"start":{"line":1,"column":0},"end":{"line":1,"column":39}},"2":{"start":{"line":3,"column":0},"end":{"line":12,"column":2}},"3":{"start":{"line":5,"column":2},"end":{"line":11,"column":64}},"4":{"start":{"line":8,"column":31},"end":{"line":8,"column":76}}},"branchMap":{}},"/home/ilya/Workspace/dgeni-alive/src/packages/links-ext/inline-tag-defs/link.js":{"path":"/home/ilya/Workspace/dgeni-alive/src/packages/links-ext/inline-tag-defs/link.js","s":{"1":1,"2":1,"3":1,"4":3,"5":0,"6":0,"7":0,"8":0,"9":0,"10":0,"11":0,"12":0,"13":0},"b":{"1":[0,0],"2":[0,0]},"f":{"1":3,"2":0,"3":0},"fnMap":{"1":{"name":"linkInlineTagDef","line":16,"loc":{"start":{"line":16,"column":17},"end":{"line":16,"column":79}}},"2":{"name":"(anonymous_2)","line":20,"loc":{"start":{"line":20,"column":13},"end":{"line":20,"column":52}}},"3":{"name":"(anonymous_3)","line":23,"loc":{"start":{"line":23,"column":49},"end":{"line":23,"column":77}}}},"statementMap":{"1":{"start":{"line":1,"column":0},"end":{"line":1,"column":57}},"2":{"start":{"line":3,"column":0},"end":{"line":3,"column":43}},"3":{"start":{"line":16,"column":0},"end":{"line":41,"column":2}},"4":{"start":{"line":17,"column":2},"end":{"line":40,"column":4}},"5":{"start":{"line":23,"column":6},"end":{"line":38,"column":9}},"6":{"start":{"line":25,"column":8},"end":{"line":25,"column":52}},"7":{"start":{"line":27,"column":8},"end":{"line":29,"column":9}},"8":{"start":{"line":28,"column":10},"end":{"line":28,"column":58}},"9":{"start":{"line":31,"column":8},"end":{"line":31,"column":52}},"10":{"start":{"line":32,"column":8},"end":{"line":34,"column":9}},"11":{"start":{"line":33,"column":10},"end":{"line":33,"column":37}},"12":{"start":{"line":35,"column":8},"end":{"line":35,"column":66}},"13":{"start":{"line":37,"column":8},"end":{"line":37,"column":21}}},"branchMap":{"1":{"line":27,"type":"if","locations":[{"start":{"line":27,"column":8},"end":{"line":27,"column":8}},{"start":{"line":27,"column":8},"end":{"line":27,"column":8}}]},"2":{"line":32,"type":"if","locations":[{"start":{"line":32,"column":8},"end":{"line":32,"column":8}},{"start":{"line":32,"column":8},"end":{"line":32,"column":8}}]}}},"/home/ilya/Workspace/dgeni-alive/src/packages/ngdoc-ext/mocks/mockPackage.js":{"path":"/home/ilya/Workspace/dgeni-alive/src/packages/ngdoc-ext/mocks/mockPackage.js","s":{"1":1,"2":1,"3":1,"4":1},"b":{},"f":{"1":1,"2":1},"fnMap":{"1":{"name":"mockPackage","line":3,"loc":{"start":{"line":3,"column":17},"end":{"line":3,"column":40}}},"2":{"name":"(anonymous_2)","line":8,"loc":{"start":{"line":8,"column":18},"end":{"line":8,"column":29}}}},"statementMap":{"1":{"start":{"line":1,"column":0},"end":{"line":1,"column":39}},"2":{"start":{"line":3,"column":0},"end":{"line":9,"column":2}},"3":{"start":{"line":5,"column":2},"end":{"line":8,"column":79}},"4":{"start":{"line":8,"column":31},"end":{"line":8,"column":76}}},"branchMap":{}},"/home/ilya/Workspace/dgeni-alive/src/packages/ngdoc-ext/rendering/filters/type-link.js":{"path":"/home/ilya/Workspace/dgeni-alive/src/packages/ngdoc-ext/rendering/filters/type-link.js","s":{"1":1,"2":2},"b":{},"f":{"1":2},"fnMap":{"1":{"name":"(anonymous_1)","line":1,"loc":{"start":{"line":1,"column":17},"end":{"line":1,"column":39}}}},"statementMap":{"1":{"start":{"line":1,"column":0},"end":{"line":6,"column":2}},"2":{"start":{"line":2,"column":2},"end":{"line":5,"column":4}}},"branchMap":{}},"/home/ilya/Workspace/dgeni-alive/src/packages/website/mocks/mockPackage.js":{"path":"/home/ilya/Workspace/dgeni-alive/src/packages/website/mocks/mockPackage.js","s":{"1":1,"2":1,"3":1,"4":1,"5":1,"6":1,"7":1,"8":1},"b":{},"f":{"1":1,"2":1,"3":0,"4":1,"5":1,"6":1,"7":1,"8":1},"fnMap":{"1":{"name":"mockPackage","line":3,"loc":{"start":{"line":3,"column":17},"end":{"line":3,"column":40}}},"2":{"name":"(anonymous_2)","line":8,"loc":{"start":{"line":8,"column":18},"end":{"line":8,"column":29}}},"3":{"name":"dummyTemplateEngine","line":11,"loc":{"start":{"line":11,"column":29},"end":{"line":11,"column":60}}},"4":{"name":"dummyTemplateFinder","line":14,"loc":{"start":{"line":14,"column":29},"end":{"line":14,"column":60}}},"5":{"name":"dummyComputePathsProcessor","line":22,"loc":{"start":{"line":22,"column":36},"end":{"line":22,"column":74}}},"6":{"name":"dummyRenderMarkdown","line":29,"loc":{"start":{"line":29,"column":29},"end":{"line":29,"column":60}}},"7":{"name":"dummyParseTagsProcessor","line":34,"loc":{"start":{"line":34,"column":33},"end":{"line":34,"column":68}}},"8":{"name":"dummyAliasMap","line":41,"loc":{"start":{"line":41,"column":23},"end":{"line":41,"column":48}}}},"statementMap":{"1":{"start":{"line":1,"column":0},"end":{"line":1,"column":39}},"2":{"start":{"line":3,"column":0},"end":{"line":45,"column":2}},"3":{"start":{"line":5,"column":2},"end":{"line":44,"column":4}},"4":{"start":{"line":8,"column":31},"end":{"line":8,"column":76}},"5":{"start":{"line":15,"column":4},"end":{"line":18,"column":5}},"6":{"start":{"line":23,"column":4},"end":{"line":25,"column":5}},"7":{"start":{"line":35,"column":4},"end":{"line":37,"column":5}},"8":{"start":{"line":42,"column":4},"end":{"line":43,"column":5}}},"branchMap":{}},"/home/ilya/Workspace/dgeni-alive/src/tag-defs/since-tag.js":{"path":"/home/ilya/Workspace/dgeni-alive/src/tag-defs/since-tag.js","s":{"1":1,"2":1},"b":{},"f":{"1":1},"fnMap":{"1":{"name":"(anonymous_1)","line":1,"loc":{"start":{"line":1,"column":17},"end":{"line":1,"column":51}}}},"statementMap":{"1":{"start":{"line":1,"column":0},"end":{"line":6,"column":2}},"2":{"start":{"line":2,"column":2},"end":{"line":5,"column":4}}},"branchMap":{}},"/home/ilya/Workspace/dgeni-alive/src/tag-defs/throws-tag.js":{"path":"/home/ilya/Workspace/dgeni-alive/src/tag-defs/throws-tag.js","s":{"1":1,"2":1},"b":{},"f":{"1":1},"fnMap":{"1":{"name":"(anonymous_1)","line":1,"loc":{"start":{"line":1,"column":17},"end":{"line":1,"column":89}}}},"statementMap":{"1":{"start":{"line":1,"column":0},"end":{"line":8,"column":2}},"2":{"start":{"line":2,"column":2},"end":{"line":7,"column":4}}},"branchMap":{}},"/home/ilya/Workspace/dgeni-alive/src/packages/links-ext/index.js":{"path":"/home/ilya/Workspace/dgeni-alive/src/packages/links-ext/index.js","s":{"1":1,"2":1,"3":3,"4":3},"b":{},"f":{"1":3,"2":3},"fnMap":{"1":{"name":"(anonymous_1)","line":10,"loc":{"start":{"line":10,"column":8},"end":{"line":10,"column":46}}},"2":{"name":"(anonymous_2)","line":14,"loc":{"start":{"line":14,"column":8},"end":{"line":14,"column":53}}}},"statementMap":{"1":{"start":{"line":1,"column":0},"end":{"line":1,"column":39}},"2":{"start":{"line":6,"column":0},"end":{"line":17,"column":1}},"3":{"start":{"line":11,"column":4},"end":{"line":11,"column":76}},"4":{"start":{"line":15,"column":2},"end":{"line":15,"column":137}}},"branchMap":{}},"/home/ilya/Workspace/dgeni-alive/src/packages/links-ext/services/link-info.js":{"path":"/home/ilya/Workspace/dgeni-alive/src/packages/links-ext/services/link-info.js","s":{"1":1,"2":1,"3":1,"4":1,"5":0,"6":0,"7":0,"8":0,"9":0,"10":0,"11":0,"12":0,"13":0,"14":0,"15":0,"16":0,"17":0,"18":0,"19":0,"20":0,"21":0,"22":0,"23":0,"24":0,"25":0,"26":0,"27":0,"28":0,"29":0,"30":0,"31":0,"32":0,"33":0,"34":0,"35":0,"36":0,"37":0,"38":0,"39":0,"40":0,"41":0,"42":0,"43":0,"44":0,"45":0,"46":0,"47":0},"b":{"1":[0,0],"2":[0,0],"3":[0,0],"4":[0,0],"5":[0,0],"6":[0,0],"7":[0,0],"8":[0,0,0],"9":[0,0],"10":[0,0],"11":[0,0],"12":[0,0],"13":[0,0],"14":[0,0],"15":[0,0],"16":[0,0],"17":[0,0]},"f":{"1":0,"2":0,"3":0,"4":0},"fnMap":{"1":{"name":"getLinkInfo","line":15,"loc":{"start":{"line":15,"column":17},"end":{"line":15,"column":77}}},"2":{"name":"getLinkInfoImpl","line":17,"loc":{"start":{"line":17,"column":2},"end":{"line":17,"column":51}}},"3":{"name":"(anonymous_3)","line":36,"loc":{"start":{"line":36,"column":20},"end":{"line":36,"column":39}}},"4":{"name":"(anonymous_4)","line":63,"loc":{"start":{"line":63,"column":57},"end":{"line":63,"column":73}}}},"statementMap":{"1":{"start":{"line":1,"column":0},"end":{"line":1,"column":26}},"2":{"start":{"line":2,"column":0},"end":{"line":2,"column":27}},"3":{"start":{"line":15,"column":0},"end":{"line":92,"column":2}},"4":{"start":{"line":17,"column":2},"end":{"line":87,"column":3}},"5":{"start":{"line":18,"column":4},"end":{"line":23,"column":6}},"6":{"start":{"line":25,"column":4},"end":{"line":27,"column":5}},"7":{"start":{"line":26,"column":6},"end":{"line":26,"column":37}},"8":{"start":{"line":29,"column":4},"end":{"line":29,"column":48}},"9":{"start":{"line":31,"column":4},"end":{"line":84,"column":5}},"10":{"start":{"line":33,"column":6},"end":{"line":33,"column":29}},"11":{"start":{"line":34,"column":6},"end":{"line":34,"column":39}},"12":{"start":{"line":35,"column":6},"end":{"line":36,"column":178}},"13":{"start":{"line":36,"column":41},"end":{"line":36,"column":155}},"14":{"start":{"line":38,"column":11},"end":{"line":84,"column":5}},"15":{"start":{"line":40,"column":6},"end":{"line":40,"column":34}},"16":{"start":{"line":41,"column":6},"end":{"line":41,"column":45}},"17":{"start":{"line":42,"column":6},"end":{"line":42,"column":28}},"18":{"start":{"line":44,"column":6},"end":{"line":50,"column":7}},"19":{"start":{"line":45,"column":8},"end":{"line":45,"column":58}},"20":{"start":{"line":46,"column":8},"end":{"line":46,"column":51}},"21":{"start":{"line":47,"column":8},"end":{"line":47,"column":101}},"22":{"start":{"line":48,"column":8},"end":{"line":48,"column":78}},"23":{"start":{"line":49,"column":8},"end":{"line":49,"column":63}},"24":{"start":{"line":52,"column":11},"end":{"line":84,"column":5}},"25":{"start":{"line":53,"column":6},"end":{"line":53,"column":39}},"26":{"start":{"line":54,"column":6},"end":{"line":54,"column":68}},"27":{"start":{"line":55,"column":6},"end":{"line":55,"column":57}},"28":{"start":{"line":56,"column":6},"end":{"line":56,"column":22}},"29":{"start":{"line":58,"column":11},"end":{"line":84,"column":5}},"30":{"start":{"line":59,"column":6},"end":{"line":59,"column":24}},"31":{"start":{"line":62,"column":6},"end":{"line":73,"column":7}},"32":{"start":{"line":63,"column":8},"end":{"line":65,"column":11}},"33":{"start":{"line":64,"column":10},"end":{"line":64,"column":32}},"34":{"start":{"line":66,"column":8},"end":{"line":72,"column":9}},"35":{"start":{"line":67,"column":10},"end":{"line":67,"column":39}},"36":{"start":{"line":68,"column":10},"end":{"line":68,"column":52}},"37":{"start":{"line":69,"column":10},"end":{"line":69,"column":32}},"38":{"start":{"line":70,"column":10},"end":{"line":70,"column":35}},"39":{"start":{"line":71,"column":10},"end":{"line":71,"column":23}},"40":{"start":{"line":75,"column":6},"end":{"line":79,"column":7}},"41":{"start":{"line":76,"column":8},"end":{"line":76,"column":31}},"42":{"start":{"line":77,"column":8},"end":{"line":77,"column":39}},"43":{"start":{"line":78,"column":8},"end":{"line":78,"column":80}},"44":{"start":{"line":82,"column":6},"end":{"line":82,"column":110}},"45":{"start":{"line":86,"column":4},"end":{"line":86,"column":20}},"46":{"start":{"line":89,"column":2},"end":{"line":89,"column":37}},"47":{"start":{"line":91,"column":2},"end":{"line":91,"column":25}}},"branchMap":{"1":{"line":22,"type":"binary-expr","locations":[{"start":{"line":22,"column":13},"end":{"line":22,"column":18}},{"start":{"line":22,"column":22},"end":{"line":22,"column":25}}]},"2":{"line":25,"type":"if","locations":[{"start":{"line":25,"column":4},"end":{"line":25,"column":4}},{"start":{"line":25,"column":4},"end":{"line":25,"column":4}}]},"3":{"line":31,"type":"if","locations":[{"start":{"line":31,"column":4},"end":{"line":31,"column":4}},{"start":{"line":31,"column":4},"end":{"line":31,"column":4}}]},"4":{"line":31,"type":"binary-expr","locations":[{"start":{"line":31,"column":9},"end":{"line":31,"column":47}},{"start":{"line":31,"column":51},"end":{"line":31,"column":66}}]},"5":{"line":38,"type":"if","locations":[{"start":{"line":38,"column":11},"end":{"line":38,"column":11}},{"start":{"line":38,"column":11},"end":{"line":38,"column":11}}]},"6":{"line":41,"type":"binary-expr","locations":[{"start":{"line":41,"column":23},"end":{"line":41,"column":28}},{"start":{"line":41,"column":32},"end":{"line":41,"column":44}}]},"7":{"line":44,"type":"if","locations":[{"start":{"line":44,"column":6},"end":{"line":44,"column":6}},{"start":{"line":44,"column":6},"end":{"line":44,"column":6}}]},"8":{"line":44,"type":"binary-expr","locations":[{"start":{"line":44,"column":11},"end":{"line":44,"column":40}},{"start":{"line":44,"column":44},"end":{"line":44,"column":54}},{"start":{"line":44,"column":58},"end":{"line":44,"column":73}}]},"9":{"line":52,"type":"if","locations":[{"start":{"line":52,"column":11},"end":{"line":52,"column":11}},{"start":{"line":52,"column":11},"end":{"line":52,"column":11}}]},"10":{"line":58,"type":"if","locations":[{"start":{"line":58,"column":11},"end":{"line":58,"column":11}},{"start":{"line":58,"column":11},"end":{"line":58,"column":11}}]},"11":{"line":58,"type":"binary-expr","locations":[{"start":{"line":58,"column":16},"end":{"line":58,"column":39}},{"start":{"line":58,"column":43},"end":{"line":58,"column":65}}]},"12":{"line":62,"type":"if","locations":[{"start":{"line":62,"column":6},"end":{"line":62,"column":6}},{"start":{"line":62,"column":6},"end":{"line":62,"column":6}}]},"13":{"line":66,"type":"if","locations":[{"start":{"line":66,"column":8},"end":{"line":66,"column":8}},{"start":{"line":66,"column":8},"end":{"line":66,"column":8}}]},"14":{"line":68,"type":"binary-expr","locations":[{"start":{"line":68,"column":27},"end":{"line":68,"column":32}},{"start":{"line":68,"column":36},"end":{"line":68,"column":51}}]},"15":{"line":75,"type":"if","locations":[{"start":{"line":75,"column":6},"end":{"line":75,"column":6}},{"start":{"line":75,"column":6},"end":{"line":75,"column":6}}]},"16":{"line":82,"type":"binary-expr","locations":[{"start":{"line":82,"column":23},"end":{"line":82,"column":28}},{"start":{"line":82,"column":33},"end":{"line":82,"column":108}}]},"17":{"line":82,"type":"cond-expr","locations":[{"start":{"line":82,"column":62},"end":{"line":82,"column":78}},{"start":{"line":82,"column":81},"end":{"line":82,"column":108}}]}}},"/home/ilya/Workspace/dgeni-alive/src/packages/links-ext/services/links/index.js":{"path":"/home/ilya/Workspace/dgeni-alive/src/packages/links-ext/services/links/index.js","s":{"1":1},"b":{},"f":{},"fnMap":{},"statementMap":{"1":{"start":{"line":1,"column":0},"end":{"line":4,"column":2}}},"branchMap":{}},"/home/ilya/Workspace/dgeni-alive/src/packages/links-ext/services/links/angular-link.js":{"path":"/home/ilya/Workspace/dgeni-alive/src/packages/links-ext/services/links/angular-link.js","s":{"1":1,"2":1,"3":3,"4":3,"5":3,"6":3,"7":3,"8":1,"9":0,"10":1,"11":0,"12":0,"13":0,"14":1,"15":0,"16":0,"17":0,"18":0,"19":0,"20":0,"21":3},"b":{"1":[0,0],"2":[0,0],"3":[0,0],"4":[0,0]},"f":{"1":3,"2":0,"3":0,"4":0},"fnMap":{"1":{"name":"angularLink","line":7,"loc":{"start":{"line":7,"column":17},"end":{"line":7,"column":44}}},"2":{"name":"checkApplicability","line":22,"loc":{"start":{"line":22,"column":4},"end":{"line":22,"column":44}}},"3":{"name":"makeUrl","line":26,"loc":{"start":{"line":26,"column":4},"end":{"line":26,"column":33}}},"4":{"name":"makeTitle","line":39,"loc":{"start":{"line":39,"column":4},"end":{"line":39,"column":42}}}},"statementMap":{"1":{"start":{"line":1,"column":0},"end":{"line":1,"column":26}},"2":{"start":{"line":7,"column":0},"end":{"line":57,"column":2}},"3":{"start":{"line":13,"column":4},"end":{"line":13,"column":84}},"4":{"start":{"line":16,"column":4},"end":{"line":16,"column":84}},"5":{"start":{"line":17,"column":4},"end":{"line":17,"column":105}},"6":{"start":{"line":19,"column":4},"end":{"line":19,"column":108}},"7":{"start":{"line":20,"column":4},"end":{"line":20,"column":125}},"8":{"start":{"line":22,"column":4},"end":{"line":24,"column":5}},"9":{"start":{"line":23,"column":8},"end":{"line":23,"column":43}},"10":{"start":{"line":26,"column":4},"end":{"line":31,"column":5}},"11":{"start":{"line":27,"column":8},"end":{"line":27,"column":51}},"12":{"start":{"line":28,"column":8},"end":{"line":28,"column":50}},"13":{"start":{"line":29,"column":8},"end":{"line":30,"column":115}},"14":{"start":{"line":39,"column":4},"end":{"line":47,"column":5}},"15":{"start":{"line":40,"column":8},"end":{"line":40,"column":51}},"16":{"start":{"line":41,"column":8},"end":{"line":41,"column":29}},"17":{"start":{"line":42,"column":8},"end":{"line":42,"column":49}},"18":{"start":{"line":43,"column":8},"end":{"line":45,"column":9}},"19":{"start":{"line":44,"column":12},"end":{"line":44,"column":41}},"20":{"start":{"line":46,"column":8},"end":{"line":46,"column":19}},"21":{"start":{"line":49,"column":4},"end":{"line":56,"column":5}}},"branchMap":{"1":{"line":28,"type":"binary-expr","locations":[{"start":{"line":28,"column":23},"end":{"line":28,"column":33}},{"start":{"line":28,"column":37},"end":{"line":28,"column":49}}]},"2":{"line":29,"type":"cond-expr","locations":[{"start":{"line":29,"column":25},"end":{"line":29,"column":138}},{"start":{"line":30,"column":25},"end":{"line":30,"column":115}}]},"3":{"line":42,"type":"binary-expr","locations":[{"start":{"line":42,"column":22},"end":{"line":42,"column":32}},{"start":{"line":42,"column":36},"end":{"line":42,"column":48}}]},"4":{"line":43,"type":"if","locations":[{"start":{"line":43,"column":8},"end":{"line":43,"column":8}},{"start":{"line":43,"column":8},"end":{"line":43,"column":8}}]}}},"/home/ilya/Workspace/dgeni-alive/src/packages/links-ext/services/links/native-link.js":{"path":"/home/ilya/Workspace/dgeni-alive/src/packages/links-ext/services/links/native-link.js","s":{"1":1,"2":1,"3":3,"4":3,"5":1,"6":0,"7":0,"8":0,"9":1,"10":0,"11":0,"12":0,"13":0,"14":1,"15":0,"16":1,"17":0,"18":3},"b":{"1":[0,0]},"f":{"1":3,"2":0,"3":0,"4":0,"5":0,"6":0},"fnMap":{"1":{"name":"nativeLink","line":7,"loc":{"start":{"line":7,"column":17},"end":{"line":7,"column":42}}},"2":{"name":"getEntry","line":21,"loc":{"start":{"line":21,"column":4},"end":{"line":21,"column":41}}},"3":{"name":"(anonymous_3)","line":23,"loc":{"start":{"line":23,"column":29},"end":{"line":23,"column":45}}},"4":{"name":"checkApplicability","line":28,"loc":{"start":{"line":28,"column":4},"end":{"line":28,"column":44}}},"5":{"name":"makeUrl","line":36,"loc":{"start":{"line":36,"column":4},"end":{"line":36,"column":33}}},"6":{"name":"makeTitle","line":40,"loc":{"start":{"line":40,"column":4},"end":{"line":40,"column":42}}}},"statementMap":{"1":{"start":{"line":1,"column":0},"end":{"line":1,"column":26}},"2":{"start":{"line":7,"column":0},"end":{"line":51,"column":2}},"3":{"start":{"line":8,"column":4},"end":{"line":17,"column":6}},"4":{"start":{"line":19,"column":4},"end":{"line":19,"column":115}},"5":{"start":{"line":21,"column":4},"end":{"line":26,"column":5}},"6":{"start":{"line":22,"column":8},"end":{"line":22,"column":78}},"7":{"start":{"line":23,"column":8},"end":{"line":25,"column":11}},"8":{"start":{"line":24,"column":12},"end":{"line":24,"column":52}},"9":{"start":{"line":28,"column":4},"end":{"line":34,"column":5}},"10":{"start":{"line":29,"column":8},"end":{"line":29,"column":24}},"11":{"start":{"line":30,"column":8},"end":{"line":32,"column":9}},"12":{"start":{"line":31,"column":12},"end":{"line":31,"column":52}},"13":{"start":{"line":33,"column":8},"end":{"line":33,"column":19}},"14":{"start":{"line":36,"column":4},"end":{"line":38,"column":5}},"15":{"start":{"line":37,"column":8},"end":{"line":37,"column":86}},"16":{"start":{"line":40,"column":4},"end":{"line":42,"column":5}},"17":{"start":{"line":41,"column":8},"end":{"line":41,"column":47}},"18":{"start":{"line":44,"column":4},"end":{"line":50,"column":6}}},"branchMap":{"1":{"line":30,"type":"if","locations":[{"start":{"line":30,"column":8},"end":{"line":30,"column":8}},{"start":{"line":30,"column":8},"end":{"line":30,"column":8}}]}}},"/home/ilya/Workspace/dgeni-alive/src/packages/links-ext/inline-tag-defs/index.js":{"path":"/home/ilya/Workspace/dgeni-alive/src/packages/links-ext/inline-tag-defs/index.js","s":{"1":1},"b":{},"f":{},"fnMap":{},"statementMap":{"1":{"start":{"line":1,"column":0},"end":{"line":3,"column":2}}},"branchMap":{}},"/home/ilya/Workspace/dgeni-alive/src/packages/ngdoc-ext/index.js":{"path":"/home/ilya/Workspace/dgeni-alive/src/packages/ngdoc-ext/index.js","s":{"1":1,"2":1,"3":1,"4":1,"5":1},"b":{},"f":{"1":1,"2":1},"fnMap":{"1":{"name":"(anonymous_1)","line":17,"loc":{"start":{"line":17,"column":8},"end":{"line":17,"column":33}}},"2":{"name":"(anonymous_2)","line":22,"loc":{"start":{"line":22,"column":8},"end":{"line":22,"column":49}}}},"statementMap":{"1":{"start":{"line":1,"column":0},"end":{"line":1,"column":39}},"2":{"start":{"line":2,"column":0},"end":{"line":2,"column":27}},"3":{"start":{"line":8,"column":0},"end":{"line":27,"column":1}},"4":{"start":{"line":18,"column":2},"end":{"line":18,"column":79}},"5":{"start":{"line":23,"column":2},"end":{"line":25,"column":6}}},"branchMap":{}},"/home/ilya/Workspace/dgeni-alive/src/packages/ngdoc-ext/services/getTypeLink.js":{"path":"/home/ilya/Workspace/dgeni-alive/src/packages/ngdoc-ext/services/getTypeLink.js","s":{"1":1,"2":1,"3":1,"4":1,"5":0,"6":0,"7":0,"8":0,"9":0,"10":0,"11":0,"12":0,"13":0,"14":0,"15":0,"16":0,"17":0,"18":0,"19":0,"20":0,"21":0,"22":0,"23":0,"24":0,"25":0,"26":1},"b":{"1":[0,0],"2":[0,0],"3":[0,0],"4":[0,0],"5":[0,0]},"f":{"1":1,"2":0,"3":0},"fnMap":{"1":{"name":"getTypeLink","line":8,"loc":{"start":{"line":8,"column":17},"end":{"line":8,"column":66}}},"2":{"name":"TypeLink","line":10,"loc":{"start":{"line":10,"column":4},"end":{"line":10,"column":32}}},"3":{"name":"(anonymous_3)","line":18,"loc":{"start":{"line":18,"column":58},"end":{"line":18,"column":74}}}},"statementMap":{"1":{"start":{"line":1,"column":0},"end":{"line":1,"column":26}},"2":{"start":{"line":2,"column":0},"end":{"line":2,"column":37}},"3":{"start":{"line":8,"column":0},"end":{"line":42,"column":2}},"4":{"start":{"line":10,"column":4},"end":{"line":39,"column":5}},"5":{"start":{"line":11,"column":8},"end":{"line":11,"column":31}},"6":{"start":{"line":12,"column":8},"end":{"line":35,"column":9}},"7":{"start":{"line":13,"column":12},"end":{"line":13,"column":74}},"8":{"start":{"line":14,"column":12},"end":{"line":14,"column":64}},"9":{"start":{"line":15,"column":12},"end":{"line":30,"column":13}},"10":{"start":{"line":16,"column":16},"end":{"line":16,"column":90}},"11":{"start":{"line":17,"column":16},"end":{"line":17,"column":37}},"12":{"start":{"line":18,"column":16},"end":{"line":23,"column":19}},"13":{"start":{"line":19,"column":20},"end":{"line":21,"column":21}},"14":{"start":{"line":20,"column":24},"end":{"line":20,"column":65}},"15":{"start":{"line":22,"column":20},"end":{"line":22,"column":32}},"16":{"start":{"line":25,"column":16},"end":{"line":29,"column":17}},"17":{"start":{"line":26,"column":20},"end":{"line":26,"column":41}},"18":{"start":{"line":27,"column":20},"end":{"line":27,"column":41}},"19":{"start":{"line":28,"column":20},"end":{"line":28,"column":61}},"20":{"start":{"line":31,"column":12},"end":{"line":31,"column":69}},"21":{"start":{"line":33,"column":12},"end":{"line":33,"column":96}},"22":{"start":{"line":34,"column":12},"end":{"line":34,"column":31}},"23":{"start":{"line":36,"column":8},"end":{"line":36,"column":91}},"24":{"start":{"line":37,"column":8},"end":{"line":37,"column":54}},"25":{"start":{"line":38,"column":8},"end":{"line":38,"column":19}},"26":{"start":{"line":41,"column":4},"end":{"line":41,"column":20}}},"branchMap":{"1":{"line":15,"type":"if","locations":[{"start":{"line":15,"column":12},"end":{"line":15,"column":12}},{"start":{"line":15,"column":12},"end":{"line":15,"column":12}}]},"2":{"line":19,"type":"if","locations":[{"start":{"line":19,"column":20},"end":{"line":19,"column":20}},{"start":{"line":19,"column":20},"end":{"line":19,"column":20}}]},"3":{"line":19,"type":"binary-expr","locations":[{"start":{"line":19,"column":24},"end":{"line":19,"column":66}},{"start":{"line":19,"column":70},"end":{"line":19,"column":116}}]},"4":{"line":25,"type":"if","locations":[{"start":{"line":25,"column":16},"end":{"line":25,"column":16}},{"start":{"line":25,"column":16},"end":{"line":25,"column":16}}]},"5":{"line":25,"type":"binary-expr","locations":[{"start":{"line":25,"column":20},"end":{"line":25,"column":62}},{"start":{"line":25,"column":66},"end":{"line":25,"column":112}}]}}},"/home/ilya/Workspace/dgeni-alive/src/packages/ngdoc-ext/processors/embedImages.js":{"path":"/home/ilya/Workspace/dgeni-alive/src/packages/ngdoc-ext/processors/embedImages.js","s":{"1":1,"2":1,"3":1,"4":1,"5":1,"6":1,"7":0,"8":0,"9":0,"10":0,"11":0,"12":0,"13":0,"14":0,"15":0,"16":0,"17":0,"18":0},"b":{"1":[0,0]},"f":{"1":1,"2":0,"3":0,"4":0,"5":0,"6":0},"fnMap":{"1":{"name":"embedImages","line":11,"loc":{"start":{"line":11,"column":17},"end":{"line":11,"column":82}}},"2":{"name":"(anonymous_2)","line":14,"loc":{"start":{"line":14,"column":14},"end":{"line":14,"column":29}}},"3":{"name":"(anonymous_3)","line":17,"loc":{"start":{"line":17,"column":13},"end":{"line":17,"column":27}}},"4":{"name":"(anonymous_4)","line":22,"loc":{"start":{"line":22,"column":17},"end":{"line":22,"column":33}}},"5":{"name":"(anonymous_5)","line":23,"loc":{"start":{"line":23,"column":24},"end":{"line":23,"column":38}}},"6":{"name":"(anonymous_6)","line":24,"loc":{"start":{"line":24,"column":93},"end":{"line":24,"column":115}}}},"statementMap":{"1":{"start":{"line":1,"column":0},"end":{"line":1,"column":26}},"2":{"start":{"line":2,"column":0},"end":{"line":2,"column":27}},"3":{"start":{"line":3,"column":0},"end":{"line":3,"column":27}},"4":{"start":{"line":4,"column":0},"end":{"line":4,"column":23}},"5":{"start":{"line":11,"column":0},"end":{"line":42,"column":2}},"6":{"start":{"line":12,"column":2},"end":{"line":41,"column":4}},"7":{"start":{"line":15,"column":6},"end":{"line":39,"column":11}},"8":{"start":{"line":20,"column":10},"end":{"line":20,"column":30}},"9":{"start":{"line":23,"column":10},"end":{"line":38,"column":13}},"10":{"start":{"line":24,"column":12},"end":{"line":37,"column":14}},"11":{"start":{"line":25,"column":14},"end":{"line":36,"column":15}},"12":{"start":{"line":26,"column":16},"end":{"line":26,"column":29}},"13":{"start":{"line":28,"column":16},"end":{"line":28,"column":68}},"14":{"start":{"line":29,"column":16},"end":{"line":29,"column":43}},"15":{"start":{"line":30,"column":16},"end":{"line":35,"column":17}},"16":{"start":{"line":31,"column":18},"end":{"line":31,"column":145}},"17":{"start":{"line":33,"column":18},"end":{"line":33,"column":63}},"18":{"start":{"line":34,"column":18},"end":{"line":34,"column":31}}},"branchMap":{"1":{"line":25,"type":"if","locations":[{"start":{"line":25,"column":14},"end":{"line":25,"column":14}},{"start":{"line":25,"column":14},"end":{"line":25,"column":14}}]}}},"/home/ilya/Workspace/dgeni-alive/src/packages/ngdoc-ext/processors/generateErrorsGroupArea.js":{"path":"/home/ilya/Workspace/dgeni-alive/src/packages/ngdoc-ext/processors/generateErrorsGroupArea.js","s":{"1":1,"2":1,"3":1,"4":1,"5":3,"6":3,"7":2,"8":6,"9":2,"10":3,"11":2},"b":{"1":[2,1],"2":[2,1]},"f":{"1":1,"2":1,"3":3,"4":3,"5":6},"fnMap":{"1":{"name":"generateErrorsGroupArea","line":9,"loc":{"start":{"line":9,"column":17},"end":{"line":9,"column":94}}},"2":{"name":"(anonymous_2)","line":13,"loc":{"start":{"line":13,"column":14},"end":{"line":13,"column":29}}},"3":{"name":"(anonymous_3)","line":15,"loc":{"start":{"line":15,"column":24},"end":{"line":15,"column":41}}},"4":{"name":"(anonymous_4)","line":18,"loc":{"start":{"line":18,"column":16},"end":{"line":18,"column":33}}},"5":{"name":"(anonymous_5)","line":20,"loc":{"start":{"line":20,"column":59},"end":{"line":20,"column":79}}}},"statementMap":{"1":{"start":{"line":1,"column":0},"end":{"line":1,"column":26}},"2":{"start":{"line":9,"column":0},"end":{"line":47,"column":2}},"3":{"start":{"line":10,"column":2},"end":{"line":46,"column":4}},"4":{"start":{"line":15,"column":6},"end":{"line":44,"column":9}},"5":{"start":{"line":16,"column":8},"end":{"line":39,"column":21}},"6":{"start":{"line":19,"column":12},"end":{"line":38,"column":13}},"7":{"start":{"line":20,"column":14},"end":{"line":24,"column":17}},"8":{"start":{"line":23,"column":16},"end":{"line":23,"column":53}},"9":{"start":{"line":27,"column":14},"end":{"line":37,"column":16}},"10":{"start":{"line":41,"column":8},"end":{"line":43,"column":9}},"11":{"start":{"line":42,"column":10},"end":{"line":42,"column":27}}},"branchMap":{"1":{"line":19,"type":"if","locations":[{"start":{"line":19,"column":12},"end":{"line":19,"column":12}},{"start":{"line":19,"column":12},"end":{"line":19,"column":12}}]},"2":{"line":41,"type":"if","locations":[{"start":{"line":41,"column":8},"end":{"line":41,"column":8}},{"start":{"line":41,"column":8},"end":{"line":41,"column":8}}]}}},"/home/ilya/Workspace/dgeni-alive/src/packages/website/index.js":{"path":"/home/ilya/Workspace/dgeni-alive/src/packages/website/index.js","s":{"1":1,"2":1,"3":1,"4":1,"5":1,"6":1,"7":1,"8":1,"9":1,"10":1,"11":1,"12":1},"b":{},"f":{"1":1,"2":1,"3":1,"4":1},"fnMap":{"1":{"name":"(anonymous_1)","line":16,"loc":{"start":{"line":16,"column":10},"end":{"line":16,"column":35}}},"2":{"name":"(anonymous_2)","line":28,"loc":{"start":{"line":28,"column":10},"end":{"line":28,"column":55}}},"3":{"name":"(anonymous_3)","line":29,"loc":{"start":{"line":29,"column":50},"end":{"line":29,"column":62}}},"4":{"name":"(anonymous_4)","line":35,"loc":{"start":{"line":35,"column":10},"end":{"line":35,"column":42}}}},"statementMap":{"1":{"start":{"line":1,"column":0},"end":{"line":1,"column":39}},"2":{"start":{"line":2,"column":0},"end":{"line":2,"column":27}},"3":{"start":{"line":8,"column":0},"end":{"line":66,"column":1}},"4":{"start":{"line":17,"column":4},"end":{"line":17,"column":81}},"5":{"start":{"line":19,"column":4},"end":{"line":24,"column":7}},"6":{"start":{"line":29,"column":4},"end":{"line":31,"column":7}},"7":{"start":{"line":30,"column":6},"end":{"line":30,"column":48}},"8":{"start":{"line":36,"column":4},"end":{"line":40,"column":7}},"9":{"start":{"line":42,"column":4},"end":{"line":46,"column":7}},"10":{"start":{"line":48,"column":4},"end":{"line":52,"column":7}},"11":{"start":{"line":54,"column":4},"end":{"line":58,"column":7}},"12":{"start":{"line":60,"column":4},"end":{"line":64,"column":7}}},"branchMap":{}},"/home/ilya/Workspace/dgeni-alive/src/packages/navigation/index.js":{"path":"/home/ilya/Workspace/dgeni-alive/src/packages/navigation/index.js","s":{"1":1,"2":1,"3":1,"4":1,"5":1},"b":{},"f":{"1":1,"2":1},"fnMap":{"1":{"name":"(anonymous_1)","line":14,"loc":{"start":{"line":14,"column":10},"end":{"line":14,"column":55}}},"2":{"name":"(anonymous_2)","line":19,"loc":{"start":{"line":19,"column":10},"end":{"line":19,"column":64}}}},"statementMap":{"1":{"start":{"line":1,"column":0},"end":{"line":1,"column":39}},"2":{"start":{"line":2,"column":0},"end":{"line":2,"column":27}},"3":{"start":{"line":8,"column":0},"end":{"line":22,"column":1}},"4":{"start":{"line":15,"column":4},"end":{"line":15,"column":120}},"5":{"start":{"line":20,"column":4},"end":{"line":20,"column":100}}},"branchMap":{}},"/home/ilya/Workspace/dgeni-alive/src/packages/navigation/processors/navigation.js":{"path":"/home/ilya/Workspace/dgeni-alive/src/packages/navigation/processors/navigation.js","s":{"1":1,"2":1,"3":1,"4":1,"5":1,"6":1,"7":4,"8":0,"9":0,"10":0,"11":0,"12":0,"13":0,"14":0,"15":0,"16":0,"17":0,"18":0,"19":0,"20":0,"21":0,"22":0},"b":{"1":[0,0],"2":[0,0],"3":[0,0]},"f":{"1":1,"2":1,"3":4,"4":0,"5":0,"6":0},"fnMap":{"1":{"name":"generateNavigationProcessor","line":5,"loc":{"start":{"line":5,"column":17},"end":{"line":5,"column":69}}},"2":{"name":"(anonymous_2)","line":18,"loc":{"start":{"line":18,"column":16},"end":{"line":18,"column":35}}},"3":{"name":"(anonymous_3)","line":19,"loc":{"start":{"line":19,"column":22},"end":{"line":19,"column":39}}},"4":{"name":"(anonymous_4)","line":23,"loc":{"start":{"line":23,"column":14},"end":{"line":23,"column":30}}},"5":{"name":"(anonymous_5)","line":27,"loc":{"start":{"line":27,"column":14},"end":{"line":27,"column":28}}},"6":{"name":"(anonymous_6)","line":29,"loc":{"start":{"line":29,"column":33},"end":{"line":29,"column":55}}}},"statementMap":{"1":{"start":{"line":3,"column":0},"end":{"line":3,"column":26}},"2":{"start":{"line":5,"column":0},"end":{"line":70,"column":2}},"3":{"start":{"line":7,"column":2},"end":{"line":7,"column":24}},"4":{"start":{"line":9,"column":2},"end":{"line":10,"column":4}},"5":{"start":{"line":12,"column":2},"end":{"line":69,"column":4}},"6":{"start":{"line":19,"column":6},"end":{"line":21,"column":8}},"7":{"start":{"line":20,"column":8},"end":{"line":20,"column":36}},"8":{"start":{"line":25,"column":6},"end":{"line":25,"column":35}},"9":{"start":{"line":26,"column":6},"end":{"line":53,"column":9}},"10":{"start":{"line":28,"column":8},"end":{"line":28,"column":23}},"11":{"start":{"line":30,"column":8},"end":{"line":30,"column":42}},"12":{"start":{"line":33,"column":8},"end":{"line":33,"column":51}},"13":{"start":{"line":34,"column":8},"end":{"line":40,"column":9}},"14":{"start":{"line":35,"column":12},"end":{"line":35,"column":25}},"15":{"start":{"line":37,"column":12},"end":{"line":38,"column":131}},"16":{"start":{"line":39,"column":12},"end":{"line":39,"column":32}},"17":{"start":{"line":42,"column":8},"end":{"line":52,"column":9}},"18":{"start":{"line":43,"column":10},"end":{"line":49,"column":12}},"19":{"start":{"line":50,"column":10},"end":{"line":50,"column":28}},"20":{"start":{"line":51,"column":10},"end":{"line":51,"column":28}},"21":{"start":{"line":55,"column":6},"end":{"line":60,"column":9}},"22":{"start":{"line":62,"column":6},"end":{"line":67,"column":9}}},"branchMap":{"1":{"line":34,"type":"if","locations":[{"start":{"line":34,"column":8},"end":{"line":34,"column":8}},{"start":{"line":34,"column":8},"end":{"line":34,"column":8}}]},"2":{"line":42,"type":"if","locations":[{"start":{"line":42,"column":8},"end":{"line":42,"column":8}},{"start":{"line":42,"column":8},"end":{"line":42,"column":8}}]},"3":{"line":46,"type":"binary-expr","locations":[{"start":{"line":46,"column":18},"end":{"line":46,"column":34}},{"start":{"line":46,"column":38},"end":{"line":46,"column":41}}]}}},"/home/ilya/Workspace/dgeni-alive/src/packages/search/index.js":{"path":"/home/ilya/Workspace/dgeni-alive/src/packages/search/index.js","s":{"1":1,"2":1,"3":1},"b":{},"f":{},"fnMap":{},"statementMap":{"1":{"start":{"line":1,"column":0},"end":{"line":1,"column":39}},"2":{"start":{"line":2,"column":0},"end":{"line":2,"column":27}},"3":{"start":{"line":8,"column":0},"end":{"line":12,"column":1}}},"branchMap":{}},"/home/ilya/Workspace/dgeni-alive/src/packages/search/processors/search-index.js":{"path":"/home/ilya/Workspace/dgeni-alive/src/packages/search/processors/search-index.js","s":{"1":1,"2":1,"3":1,"4":1,"5":1,"6":1,"7":1,"8":1,"9":0,"10":0,"11":0,"12":0,"13":1,"14":1,"15":1,"16":0,"17":0,"18":0,"19":0,"20":0,"21":0,"22":0,"23":0,"24":0,"25":0,"26":0,"27":0,"28":0,"29":0,"30":0,"31":0,"32":0,"33":0,"34":0,"35":0,"36":0,"37":0,"38":0,"39":0},"b":{"1":[0,0],"2":[0,0],"3":[0,0],"4":[0,0],"5":[0,0],"6":[0,0],"7":[0,0],"8":[0,0],"9":[0,0],"10":[0,0],"11":[0,0],"12":[0,0],"13":[0,0]},"f":{"1":1,"2":0,"3":0,"4":0,"5":0,"6":0,"7":0,"8":0,"9":0},"fnMap":{"1":{"name":"generateSearchIndexProcessorFactory","line":10,"loc":{"start":{"line":10,"column":17},"end":{"line":10,"column":93}}},"2":{"name":"cleanText","line":14,"loc":{"start":{"line":14,"column":2},"end":{"line":14,"column":25}}},"3":{"name":"(anonymous_3)","line":29,"loc":{"start":{"line":29,"column":15},"end":{"line":29,"column":28}}},"4":{"name":"generateSearchIndexProcessor","line":36,"loc":{"start":{"line":36,"column":14},"end":{"line":36,"column":59}}},"5":{"name":"(anonymous_5)","line":41,"loc":{"start":{"line":41,"column":30},"end":{"line":41,"column":43}}},"6":{"name":"(anonymous_6)","line":47,"loc":{"start":{"line":47,"column":13},"end":{"line":47,"column":25}}},"7":{"name":"(anonymous_7)","line":50,"loc":{"start":{"line":50,"column":100},"end":{"line":50,"column":112}}},"8":{"name":"(anonymous_8)","line":77,"loc":{"start":{"line":77,"column":22},"end":{"line":77,"column":34}}},"9":{"name":"(anonymous_9)","line":86,"loc":{"start":{"line":86,"column":34},"end":{"line":86,"column":46}}}},"statementMap":{"1":{"start":{"line":3,"column":0},"end":{"line":3,"column":26}},"2":{"start":{"line":4,"column":0},"end":{"line":4,"column":33}},"3":{"start":{"line":5,"column":0},"end":{"line":5,"column":45}},"4":{"start":{"line":6,"column":0},"end":{"line":6,"column":35}},"5":{"start":{"line":7,"column":0},"end":{"line":7,"column":35}},"6":{"start":{"line":8,"column":0},"end":{"line":8,"column":39}},"7":{"start":{"line":10,"column":0},"end":{"line":113,"column":2}},"8":{"start":{"line":14,"column":2},"end":{"line":20,"column":3}},"9":{"start":{"line":15,"column":4},"end":{"line":15,"column":17}},"10":{"start":{"line":16,"column":4},"end":{"line":18,"column":5}},"11":{"start":{"line":17,"column":6},"end":{"line":17,"column":105}},"12":{"start":{"line":19,"column":4},"end":{"line":19,"column":15}},"13":{"start":{"line":22,"column":2},"end":{"line":22,"column":24}},"14":{"start":{"line":24,"column":2},"end":{"line":24,"column":24}},"15":{"start":{"line":26,"column":2},"end":{"line":112,"column":4}},"16":{"start":{"line":30,"column":6},"end":{"line":33,"column":7}},"17":{"start":{"line":31,"column":8},"end":{"line":31,"column":22}},"18":{"start":{"line":32,"column":8},"end":{"line":32,"column":20}},"19":{"start":{"line":34,"column":6},"end":{"line":34,"column":23}},"20":{"start":{"line":38,"column":6},"end":{"line":38,"column":22}},"21":{"start":{"line":39,"column":6},"end":{"line":39,"column":37}},"22":{"start":{"line":41,"column":6},"end":{"line":97,"column":9}},"23":{"start":{"line":45,"column":8},"end":{"line":46,"column":35}},"24":{"start":{"line":49,"column":8},"end":{"line":71,"column":11}},"25":{"start":{"line":51,"column":12},"end":{"line":65,"column":13}},"26":{"start":{"line":53,"column":14},"end":{"line":53,"column":70}},"27":{"start":{"line":54,"column":19},"end":{"line":65,"column":13}},"28":{"start":{"line":55,"column":14},"end":{"line":55,"column":27}},"29":{"start":{"line":56,"column":14},"end":{"line":62,"column":26}},"30":{"start":{"line":64,"column":14},"end":{"line":64,"column":24}},"31":{"start":{"line":73,"column":8},"end":{"line":75,"column":45}},"32":{"start":{"line":77,"column":8},"end":{"line":79,"column":10}},"33":{"start":{"line":78,"column":10},"end":{"line":78,"column":24}},"34":{"start":{"line":81,"column":8},"end":{"line":81,"column":70}},"35":{"start":{"line":86,"column":8},"end":{"line":88,"column":10}},"36":{"start":{"line":87,"column":10},"end":{"line":87,"column":31}},"37":{"start":{"line":91,"column":8},"end":{"line":96,"column":11}},"38":{"start":{"line":99,"column":6},"end":{"line":104,"column":9}},"39":{"start":{"line":106,"column":6},"end":{"line":110,"column":9}}},"branchMap":{"1":{"line":16,"type":"if","locations":[{"start":{"line":16,"column":4},"end":{"line":16,"column":4}},{"start":{"line":16,"column":4},"end":{"line":16,"column":4}}]},"2":{"line":30,"type":"if","locations":[{"start":{"line":30,"column":6},"end":{"line":30,"column":6}},{"start":{"line":30,"column":6},"end":{"line":30,"column":6}}]},"3":{"line":45,"type":"binary-expr","locations":[{"start":{"line":45,"column":15},"end":{"line":45,"column":89}},{"start":{"line":46,"column":15},"end":{"line":46,"column":34}}]},"4":{"line":51,"type":"if","locations":[{"start":{"line":51,"column":12},"end":{"line":51,"column":12}},{"start":{"line":51,"column":12},"end":{"line":51,"column":12}}]},"5":{"line":53,"type":"cond-expr","locations":[{"start":{"line":53,"column":47},"end":{"line":53,"column":62}},{"start":{"line":53,"column":65},"end":{"line":53,"column":69}}]},"6":{"line":54,"type":"if","locations":[{"start":{"line":54,"column":19},"end":{"line":54,"column":19}},{"start":{"line":54,"column":19},"end":{"line":54,"column":19}}]},"7":{"line":56,"type":"binary-expr","locations":[{"start":{"line":56,"column":22},"end":{"line":56,"column":32}},{"start":{"line":56,"column":36},"end":{"line":56,"column":38}}]},"8":{"line":57,"type":"binary-expr","locations":[{"start":{"line":57,"column":22},"end":{"line":57,"column":28}},{"start":{"line":57,"column":32},"end":{"line":57,"column":34}}]},"9":{"line":58,"type":"binary-expr","locations":[{"start":{"line":58,"column":32},"end":{"line":58,"column":49}},{"start":{"line":58,"column":53},"end":{"line":58,"column":55}}]},"10":{"line":59,"type":"binary-expr","locations":[{"start":{"line":59,"column":22},"end":{"line":59,"column":29}},{"start":{"line":59,"column":33},"end":{"line":59,"column":35}}]},"11":{"line":60,"type":"binary-expr","locations":[{"start":{"line":60,"column":22},"end":{"line":60,"column":35}},{"start":{"line":60,"column":39},"end":{"line":60,"column":41}}]},"12":{"line":61,"type":"binary-expr","locations":[{"start":{"line":61,"column":22},"end":{"line":61,"column":33}},{"start":{"line":61,"column":37},"end":{"line":61,"column":39}}]},"13":{"line":93,"type":"binary-expr","locations":[{"start":{"line":93,"column":16},"end":{"line":93,"column":25}},{"start":{"line":93,"column":29},"end":{"line":93,"column":35}}]}}},"/home/ilya/Workspace/dgeni-alive/src/packages/website/processors/computePaths.js":{"path":"/home/ilya/Workspace/dgeni-alive/src/packages/website/processors/computePaths.js","s":{"1":1,"2":1,"3":0},"b":{},"f":{"1":1,"2":0},"fnMap":{"1":{"name":"computeWebsitePathsProcessor","line":5,"loc":{"start":{"line":5,"column":17},"end":{"line":5,"column":78}}},"2":{"name":"(anonymous_2)","line":10,"loc":{"start":{"line":10,"column":14},"end":{"line":10,"column":29}}}},"statementMap":{"1":{"start":{"line":5,"column":0},"end":{"line":14,"column":2}},"2":{"start":{"line":7,"column":2},"end":{"line":13,"column":4}},"3":{"start":{"line":11,"column":6},"end":{"line":11,"column":43}}},"branchMap":{}},"/home/ilya/Workspace/dgeni-alive/src/packages/website/processors/config.js":{"path":"/home/ilya/Workspace/dgeni-alive/src/packages/website/processors/config.js","s":{"1":1,"2":1,"3":1,"4":1,"5":1,"6":1,"7":0,"8":0,"9":0,"10":0,"11":0,"12":0,"13":0},"b":{},"f":{"1":1,"2":0,"3":0,"4":0,"5":0},"fnMap":{"1":{"name":"generateConfigProcessor","line":3,"loc":{"start":{"line":3,"column":17},"end":{"line":3,"column":55}}},"2":{"name":"(anonymous_2)","line":12,"loc":{"start":{"line":12,"column":11},"end":{"line":12,"column":23}}},"3":{"name":"(anonymous_3)","line":16,"loc":{"start":{"line":16,"column":13},"end":{"line":16,"column":25}}},"4":{"name":"(anonymous_4)","line":20,"loc":{"start":{"line":20,"column":14},"end":{"line":20,"column":26}}},"5":{"name":"(anonymous_5)","line":25,"loc":{"start":{"line":25,"column":14},"end":{"line":25,"column":30}}}},"statementMap":{"1":{"start":{"line":3,"column":0},"end":{"line":39,"column":2}},"2":{"start":{"line":5,"column":2},"end":{"line":5,"column":24}},"3":{"start":{"line":7,"column":2},"end":{"line":7,"column":17}},"4":{"start":{"line":8,"column":2},"end":{"line":8,"column":19}},"5":{"start":{"line":9,"column":2},"end":{"line":9,"column":19}},"6":{"start":{"line":11,"column":2},"end":{"line":38,"column":4}},"7":{"start":{"line":13,"column":6},"end":{"line":13,"column":16}},"8":{"start":{"line":14,"column":6},"end":{"line":14,"column":18}},"9":{"start":{"line":17,"column":6},"end":{"line":17,"column":18}},"10":{"start":{"line":18,"column":6},"end":{"line":18,"column":18}},"11":{"start":{"line":21,"column":6},"end":{"line":21,"column":15}},"12":{"start":{"line":22,"column":6},"end":{"line":22,"column":18}},"13":{"start":{"line":26,"column":6},"end":{"line":36,"column":9}}},"branchMap":{}},"/home/ilya/Workspace/dgeni-alive/src/packages/website/processors/website.js":{"path":"/home/ilya/Workspace/dgeni-alive/src/packages/website/processors/website.js","s":{"1":1,"2":1,"3":1,"4":1,"5":1,"6":1,"7":0,"8":0,"9":0,"10":0,"11":1,"12":5},"b":{"1":[0,0]},"f":{"1":1,"2":0,"3":1,"4":5},"fnMap":{"1":{"name":"generateWebsiteProcessor","line":8,"loc":{"start":{"line":8,"column":17},"end":{"line":8,"column":57}}},"2":{"name":"(anonymous_2)","line":50,"loc":{"start":{"line":50,"column":12},"end":{"line":50,"column":27}}},"3":{"name":"generateWebsiteProcessor","line":60,"loc":{"start":{"line":60,"column":14},"end":{"line":60,"column":55}}},"4":{"name":"(anonymous_4)","line":61,"loc":{"start":{"line":61,"column":29},"end":{"line":61,"column":41}}}},"statementMap":{"1":{"start":{"line":8,"column":0},"end":{"line":72,"column":2}},"2":{"start":{"line":10,"column":2},"end":{"line":10,"column":24}},"3":{"start":{"line":12,"column":2},"end":{"line":33,"column":4}},"4":{"start":{"line":34,"column":2},"end":{"line":34,"column":18}},"5":{"start":{"line":47,"column":2},"end":{"line":47,"column":29}},"6":{"start":{"line":49,"column":2},"end":{"line":71,"column":4}},"7":{"start":{"line":51,"column":6},"end":{"line":55,"column":7}},"8":{"start":{"line":52,"column":8},"end":{"line":52,"column":25}},"9":{"start":{"line":54,"column":8},"end":{"line":54,"column":22}},"10":{"start":{"line":56,"column":6},"end":{"line":56,"column":18}},"11":{"start":{"line":61,"column":6},"end":{"line":69,"column":9}},"12":{"start":{"line":62,"column":8},"end":{"line":68,"column":11}}},"branchMap":{"1":{"line":51,"type":"if","locations":[{"start":{"line":51,"column":6},"end":{"line":51,"column":6}},{"start":{"line":51,"column":6},"end":{"line":51,"column":6}}]}}},"/home/ilya/Workspace/dgeni-alive/src/packages/navigation/tag-defs/index.js":{"path":"/home/ilya/Workspace/dgeni-alive/src/packages/navigation/tag-defs/index.js","s":{"1":1},"b":{},"f":{},"fnMap":{},"statementMap":{"1":{"start":{"line":1,"column":0},"end":{"line":3,"column":2}}},"branchMap":{}},"/home/ilya/Workspace/dgeni-alive/src/packages/navigation/tag-defs/sort-order.js":{"path":"/home/ilya/Workspace/dgeni-alive/src/packages/navigation/tag-defs/sort-order.js","s":{"1":1,"2":1,"3":0,"4":0},"b":{"1":[0,0]},"f":{"1":1,"2":0,"3":0},"fnMap":{"1":{"name":"sortOrderTagDef","line":5,"loc":{"start":{"line":5,"column":17},"end":{"line":5,"column":44}}},"2":{"name":"(anonymous_2)","line":8,"loc":{"start":{"line":8,"column":16},"end":{"line":8,"column":42}}},"3":{"name":"(anonymous_3)","line":11,"loc":{"start":{"line":11,"column":15},"end":{"line":11,"column":27}}}},"statementMap":{"1":{"start":{"line":5,"column":0},"end":{"line":15,"column":2}},"2":{"start":{"line":6,"column":2},"end":{"line":14,"column":3}},"3":{"start":{"line":9,"column":6},"end":{"line":9,"column":38}},"4":{"start":{"line":12,"column":6},"end":{"line":12,"column":15}}},"branchMap":{"1":{"line":9,"type":"binary-expr","locations":[{"start":{"line":9,"column":13},"end":{"line":9,"column":32}},{"start":{"line":9,"column":36},"end":{"line":9,"column":37}}]}}},"/home/ilya/Workspace/dgeni-alive/src/packages/navigation/processors/nav-area-mapper/index.js":{"path":"/home/ilya/Workspace/dgeni-alive/src/packages/navigation/processors/nav-area-mapper/index.js","s":{"1":1},"b":{},"f":{},"fnMap":{},"statementMap":{"1":{"start":{"line":1,"column":0},"end":{"line":6,"column":2}}},"branchMap":{}},"/home/ilya/Workspace/dgeni-alive/src/packages/navigation/processors/nav-area-mapper/api.js":{"path":"/home/ilya/Workspace/dgeni-alive/src/packages/navigation/processors/nav-area-mapper/api.js","s":{"1":1,"2":1,"3":1,"4":1,"5":0,"6":0,"7":0,"8":0,"9":0,"10":0,"11":0,"12":0,"13":0,"14":0,"15":0,"16":0,"17":0,"18":0,"19":0,"20":0,"21":0,"22":0,"23":0,"24":0,"25":0,"26":1,"27":1,"28":1},"b":{"1":[0,0],"2":[0,0],"3":[0,0],"4":[0,0]},"f":{"1":1,"2":0,"3":0,"4":0,"5":0,"6":0,"7":0},"fnMap":{"1":{"name":"navigationMapper_API","line":5,"loc":{"start":{"line":5,"column":17},"end":{"line":5,"column":62}}},"2":{"name":"apiMapper","line":9,"loc":{"start":{"line":9,"column":2},"end":{"line":9,"column":29}}},"3":{"name":"(anonymous_3)","line":16,"loc":{"start":{"line":16,"column":15},"end":{"line":16,"column":49}}},"4":{"name":"(anonymous_4)","line":31,"loc":{"start":{"line":31,"column":18},"end":{"line":31,"column":32}}},"5":{"name":"(anonymous_5)","line":36,"loc":{"start":{"line":36,"column":19},"end":{"line":36,"column":51}}},"6":{"name":"(anonymous_6)","line":49,"loc":{"start":{"line":49,"column":23},"end":{"line":49,"column":37}}},"7":{"name":"(anonymous_7)","line":62,"loc":{"start":{"line":62,"column":31},"end":{"line":62,"column":43}}}},"statementMap":{"1":{"start":{"line":3,"column":0},"end":{"line":3,"column":26}},"2":{"start":{"line":5,"column":0},"end":{"line":82,"column":2}},"3":{"start":{"line":7,"column":2},"end":{"line":7,"column":24}},"4":{"start":{"line":9,"column":2},"end":{"line":71,"column":3}},"5":{"start":{"line":10,"column":4},"end":{"line":10,"column":17}},"6":{"start":{"line":12,"column":4},"end":{"line":69,"column":9}},"7":{"start":{"line":17,"column":8},"end":{"line":17,"column":51}},"8":{"start":{"line":18,"column":8},"end":{"line":18,"column":77}},"9":{"start":{"line":21,"column":8},"end":{"line":68,"column":9}},"10":{"start":{"line":22,"column":10},"end":{"line":27,"column":12}},"11":{"start":{"line":28,"column":10},"end":{"line":28,"column":29}},"12":{"start":{"line":30,"column":10},"end":{"line":58,"column":13}},"13":{"start":{"line":32,"column":12},"end":{"line":32,"column":72}},"14":{"start":{"line":37,"column":12},"end":{"line":37,"column":30}},"15":{"start":{"line":38,"column":12},"end":{"line":38,"column":111}},"16":{"start":{"line":40,"column":12},"end":{"line":45,"column":15}},"17":{"start":{"line":47,"column":12},"end":{"line":57,"column":15}},"18":{"start":{"line":50,"column":16},"end":{"line":56,"column":15}},"19":{"start":{"line":51,"column":18},"end":{"line":55,"column":21}},"20":{"start":{"line":60,"column":10},"end":{"line":67,"column":11}},"21":{"start":{"line":61,"column":12},"end":{"line":61,"column":77}},"22":{"start":{"line":62,"column":12},"end":{"line":64,"column":15}},"23":{"start":{"line":63,"column":14},"end":{"line":63,"column":57}},"24":{"start":{"line":66,"column":12},"end":{"line":66,"column":64}},"25":{"start":{"line":70,"column":4},"end":{"line":70,"column":15}},"26":{"start":{"line":73,"column":2},"end":{"line":75,"column":5}},"27":{"start":{"line":77,"column":2},"end":{"line":79,"column":5}},"28":{"start":{"line":81,"column":2},"end":{"line":81,"column":19}}},"branchMap":{"1":{"line":21,"type":"if","locations":[{"start":{"line":21,"column":8},"end":{"line":21,"column":8}},{"start":{"line":21,"column":8},"end":{"line":21,"column":8}}]},"2":{"line":32,"type":"binary-expr","locations":[{"start":{"line":32,"column":19},"end":{"line":32,"column":42}},{"start":{"line":32,"column":46},"end":{"line":32,"column":71}}]},"3":{"line":50,"type":"if","locations":[{"start":{"line":50,"column":16},"end":{"line":50,"column":16}},{"start":{"line":50,"column":16},"end":{"line":50,"column":16}}]},"4":{"line":60,"type":"if","locations":[{"start":{"line":60,"column":10},"end":{"line":60,"column":10}},{"start":{"line":60,"column":10},"end":{"line":60,"column":10}}]}}},"/home/ilya/Workspace/dgeni-alive/src/packages/navigation/processors/nav-area-mapper/docs.js":{"path":"/home/ilya/Workspace/dgeni-alive/src/packages/navigation/processors/nav-area-mapper/docs.js","s":{"1":1,"2":1,"3":1,"4":1,"5":0,"6":0,"7":0,"8":0,"9":1,"10":1,"11":1,"12":1},"b":{},"f":{"1":1,"2":0,"3":0},"fnMap":{"1":{"name":"navigationMapper_DOCS","line":5,"loc":{"start":{"line":5,"column":17},"end":{"line":5,"column":63}}},"2":{"name":"docsMapper","line":9,"loc":{"start":{"line":9,"column":2},"end":{"line":9,"column":35}}},"3":{"name":"(anonymous_3)","line":19,"loc":{"start":{"line":19,"column":15},"end":{"line":19,"column":31}}}},"statementMap":{"1":{"start":{"line":3,"column":0},"end":{"line":3,"column":26}},"2":{"start":{"line":5,"column":0},"end":{"line":47,"column":2}},"3":{"start":{"line":7,"column":2},"end":{"line":7,"column":24}},"4":{"start":{"line":9,"column":2},"end":{"line":29,"column":3}},"5":{"start":{"line":10,"column":4},"end":{"line":15,"column":6}},"6":{"start":{"line":17,"column":4},"end":{"line":26,"column":7}},"7":{"start":{"line":20,"column":8},"end":{"line":25,"column":11}},"8":{"start":{"line":28,"column":4},"end":{"line":28,"column":17}},"9":{"start":{"line":32,"column":2},"end":{"line":34,"column":5}},"10":{"start":{"line":36,"column":2},"end":{"line":38,"column":5}},"11":{"start":{"line":40,"column":2},"end":{"line":44,"column":8}},"12":{"start":{"line":46,"column":2},"end":{"line":46,"column":20}}},"branchMap":{}},"/home/ilya/Workspace/dgeni-alive/src/packages/navigation/processors/nav-area-mapper/error.js":{"path":"/home/ilya/Workspace/dgeni-alive/src/packages/navigation/processors/nav-area-mapper/error.js","s":{"1":1,"2":1,"3":1,"4":1,"5":0,"6":0,"7":0,"8":0,"9":0,"10":0,"11":0,"12":0,"13":0,"14":0,"15":1,"16":1,"17":1},"b":{"1":[0,0]},"f":{"1":1,"2":0,"3":0,"4":0,"5":0},"fnMap":{"1":{"name":"navigationMapper_ERROR","line":5,"loc":{"start":{"line":5,"column":17},"end":{"line":5,"column":64}}},"2":{"name":"errorMapper","line":9,"loc":{"start":{"line":9,"column":2},"end":{"line":9,"column":36}}},"3":{"name":"(anonymous_3)","line":21,"loc":{"start":{"line":21,"column":15},"end":{"line":21,"column":49}}},"4":{"name":"(anonymous_4)","line":34,"loc":{"start":{"line":34,"column":16},"end":{"line":34,"column":30}}},"5":{"name":"(anonymous_5)","line":38,"loc":{"start":{"line":38,"column":17},"end":{"line":38,"column":34}}}},"statementMap":{"1":{"start":{"line":3,"column":0},"end":{"line":3,"column":26}},"2":{"start":{"line":5,"column":0},"end":{"line":59,"column":2}},"3":{"start":{"line":7,"column":2},"end":{"line":7,"column":24}},"4":{"start":{"line":9,"column":2},"end":{"line":48,"column":3}},"5":{"start":{"line":10,"column":4},"end":{"line":16,"column":6}},"6":{"start":{"line":17,"column":4},"end":{"line":45,"column":9}},"7":{"start":{"line":22,"column":8},"end":{"line":22,"column":51}},"8":{"start":{"line":23,"column":8},"end":{"line":23,"column":77}},"9":{"start":{"line":25,"column":8},"end":{"line":30,"column":10}},"10":{"start":{"line":31,"column":8},"end":{"line":31,"column":36}},"11":{"start":{"line":33,"column":8},"end":{"line":44,"column":11}},"12":{"start":{"line":35,"column":10},"end":{"line":35,"column":69}},"13":{"start":{"line":39,"column":10},"end":{"line":43,"column":13}},"14":{"start":{"line":47,"column":4},"end":{"line":47,"column":17}},"15":{"start":{"line":50,"column":2},"end":{"line":52,"column":5}},"16":{"start":{"line":54,"column":2},"end":{"line":56,"column":5}},"17":{"start":{"line":58,"column":2},"end":{"line":58,"column":21}}},"branchMap":{"1":{"line":35,"type":"binary-expr","locations":[{"start":{"line":35,"column":17},"end":{"line":35,"column":40}},{"start":{"line":35,"column":44},"end":{"line":35,"column":68}}]}}},"/home/ilya/Workspace/dgeni-alive/src/packages/navigation/processors/nav-area-mapper/guide.js":{"path":"/home/ilya/Workspace/dgeni-alive/src/packages/navigation/processors/nav-area-mapper/guide.js","s":{"1":1,"2":1,"3":1,"4":1,"5":0,"6":0,"7":0,"8":0,"9":1,"10":1,"11":1,"12":1},"b":{},"f":{"1":1,"2":0,"3":0},"fnMap":{"1":{"name":"navigationMapper_GUIDE","line":5,"loc":{"start":{"line":5,"column":17},"end":{"line":5,"column":64}}},"2":{"name":"guideMapper","line":9,"loc":{"start":{"line":9,"column":2},"end":{"line":9,"column":36}}},"3":{"name":"(anonymous_3)","line":19,"loc":{"start":{"line":19,"column":15},"end":{"line":19,"column":31}}}},"statementMap":{"1":{"start":{"line":3,"column":0},"end":{"line":3,"column":26}},"2":{"start":{"line":5,"column":0},"end":{"line":47,"column":2}},"3":{"start":{"line":7,"column":2},"end":{"line":7,"column":24}},"4":{"start":{"line":9,"column":2},"end":{"line":29,"column":3}},"5":{"start":{"line":10,"column":4},"end":{"line":15,"column":6}},"6":{"start":{"line":17,"column":4},"end":{"line":26,"column":7}},"7":{"start":{"line":20,"column":8},"end":{"line":25,"column":11}},"8":{"start":{"line":28,"column":4},"end":{"line":28,"column":17}},"9":{"start":{"line":32,"column":2},"end":{"line":34,"column":5}},"10":{"start":{"line":36,"column":2},"end":{"line":38,"column":5}},"11":{"start":{"line":40,"column":2},"end":{"line":44,"column":8}},"12":{"start":{"line":46,"column":2},"end":{"line":46,"column":21}}},"branchMap":{}},"/home/ilya/Workspace/dgeni-alive/src/packages/website/tag-defs/index.js":{"path":"/home/ilya/Workspace/dgeni-alive/src/packages/website/tag-defs/index.js","s":{"1":1},"b":{},"f":{},"fnMap":{},"statementMap":{"1":{"start":{"line":1,"column":0},"end":{"line":3,"column":2}}},"branchMap":{}},"/home/ilya/Workspace/dgeni-alive/src/packages/website/tag-defs/fullscreen-tag.js":{"path":"/home/ilya/Workspace/dgeni-alive/src/packages/website/tag-defs/fullscreen-tag.js","s":{"1":1,"2":1,"3":0},"b":{},"f":{"1":1,"2":0},"fnMap":{"1":{"name":"(anonymous_1)","line":4,"loc":{"start":{"line":4,"column":17},"end":{"line":4,"column":28}}},"2":{"name":"(anonymous_2)","line":7,"loc":{"start":{"line":7,"column":17},"end":{"line":7,"column":32}}}},"statementMap":{"1":{"start":{"line":4,"column":0},"end":{"line":9,"column":2}},"2":{"start":{"line":5,"column":2},"end":{"line":8,"column":4}},"3":{"start":{"line":7,"column":34},"end":{"line":7,"column":46}}},"branchMap":{}}}