TN:
SF:/home/ilya/Workspace/dgeni-alive/src/packages/links-ext/mocks/mockPackage.js
FN:3,mockPackage
FN:8,(anonymous_2)
FN:11,dummyTemplateEngine
FNF:3
FNH:3
FNDA:3,mockPackage
FNDA:3,(anonymous_2)
FNDA:3,dummyTemplateEngine
DA:1,1
DA:3,1
DA:5,3
DA:8,3
LF:4
LH:4
BRF:0
BRH:0
end_of_record
TN:
SF:/home/ilya/Workspace/dgeni-alive/src/packages/links-ext/inline-tag-defs/link.js
FN:16,linkInlineTagDef
FN:20,(anonymous_2)
FN:23,(anonymous_3)
FNF:3
FNH:1
FNDA:3,linkInlineTagDef
FNDA:0,(anonymous_2)
FNDA:0,(anonymous_3)
DA:1,1
DA:3,1
DA:16,1
DA:17,3
DA:23,0
DA:25,0
DA:27,0
DA:28,0
DA:31,0
DA:32,0
DA:33,0
DA:35,0
DA:37,0
LF:13
LH:4
BRDA:27,1,0,0
BRDA:27,1,1,0
BRDA:32,2,0,0
BRDA:32,2,1,0
BRF:4
BRH:0
end_of_record
TN:
SF:/home/ilya/Workspace/dgeni-alive/src/packages/ngdoc-ext/mocks/mockPackage.js
FN:3,mockPackage
FN:8,(anonymous_2)
FNF:2
FNH:2
FNDA:1,mockPackage
FNDA:1,(anonymous_2)
DA:1,1
DA:3,1
DA:5,1
DA:8,1
LF:4
LH:4
BRF:0
BRH:0
end_of_record
TN:
SF:/home/ilya/Workspace/dgeni-alive/src/packages/ngdoc-ext/rendering/filters/type-link.js
FN:1,(anonymous_1)
FNF:1
FNH:1
FNDA:2,(anonymous_1)
DA:1,1
DA:2,2
LF:2
LH:2
BRF:0
BRH:0
end_of_record
TN:
SF:/home/ilya/Workspace/dgeni-alive/src/packages/website/mocks/mockPackage.js
FN:3,mockPackage
FN:8,(anonymous_2)
FN:11,dummyTemplateEngine
FN:14,dummyTemplateFinder
FN:22,dummyComputePathsProcessor
FN:29,dummyRenderMarkdown
FN:34,dummyParseTagsProcessor
FN:41,dummyAliasMap
FNF:8
FNH:7
FNDA:1,mockPackage
FNDA:1,(anonymous_2)
FNDA:0,dummyTemplateEngine
FNDA:1,dummyTemplateFinder
FNDA:1,dummyComputePathsProcessor
FNDA:1,dummyRenderMarkdown
FNDA:1,dummyParseTagsProcessor
FNDA:1,dummyAliasMap
DA:1,1
DA:3,1
DA:5,1
DA:8,1
DA:15,1
DA:23,1
DA:35,1
DA:42,1
LF:8
LH:8
BRF:0
BRH:0
end_of_record
TN:
SF:/home/ilya/Workspace/dgeni-alive/src/tag-defs/since-tag.js
FN:1,(anonymous_1)
FNF:1
FNH:1
FNDA:1,(anonymous_1)
DA:1,1
DA:2,1
LF:2
LH:2
BRF:0
BRH:0
end_of_record
TN:
SF:/home/ilya/Workspace/dgeni-alive/src/tag-defs/throws-tag.js
FN:1,(anonymous_1)
FNF:1
FNH:1
FNDA:1,(anonymous_1)
DA:1,1
DA:2,1
LF:2
LH:2
BRF:0
BRH:0
end_of_record
TN:
SF:/home/ilya/Workspace/dgeni-alive/src/packages/links-ext/index.js
FN:10,(anonymous_1)
FN:14,(anonymous_2)
FNF:2
FNH:2
FNDA:3,(anonymous_1)
FNDA:3,(anonymous_2)
DA:1,1
DA:6,1
DA:11,3
DA:15,3
LF:4
LH:4
BRF:0
BRH:0
end_of_record
TN:
SF:/home/ilya/Workspace/dgeni-alive/src/packages/links-ext/services/link-info.js
FN:15,getLinkInfo
FN:17,getLinkInfoImpl
FN:36,(anonymous_3)
FN:63,(anonymous_4)
FNF:4
FNH:0
FNDA:0,getLinkInfo
FNDA:0,getLinkInfoImpl
FNDA:0,(anonymous_3)
FNDA:0,(anonymous_4)
DA:1,1
DA:2,1
DA:15,1
DA:17,1
DA:18,0
DA:25,0
DA:26,0
DA:29,0
DA:31,0
DA:33,0
DA:34,0
DA:35,0
DA:36,0
DA:38,0
DA:40,0
DA:41,0
DA:42,0
DA:44,0
DA:45,0
DA:46,0
DA:47,0
DA:48,0
DA:49,0
DA:52,0
DA:53,0
DA:54,0
DA:55,0
DA:56,0
DA:58,0
DA:59,0
DA:62,0
DA:63,0
DA:64,0
DA:66,0
DA:67,0
DA:68,0
DA:69,0
DA:70,0
DA:71,0
DA:75,0
DA:76,0
DA:77,0
DA:78,0
DA:82,0
DA:86,0
DA:89,0
DA:91,0
LF:47
LH:4
BRDA:22,1,0,0
BRDA:22,1,1,0
BRDA:25,2,0,0
BRDA:25,2,1,0
BRDA:31,3,0,0
BRDA:31,3,1,0
BRDA:31,4,0,0
BRDA:31,4,1,0
BRDA:38,5,0,0
BRDA:38,5,1,0
BRDA:41,6,0,0
BRDA:41,6,1,0
BRDA:44,7,0,0
BRDA:44,7,1,0
BRDA:44,8,0,0
BRDA:44,8,1,0
BRDA:44,8,2,0
BRDA:52,9,0,0
BRDA:52,9,1,0
BRDA:58,10,0,0
BRDA:58,10,1,0
BRDA:58,11,0,0
BRDA:58,11,1,0
BRDA:62,12,0,0
BRDA:62,12,1,0
BRDA:66,13,0,0
BRDA:66,13,1,0
BRDA:68,14,0,0
BRDA:68,14,1,0
BRDA:75,15,0,0
BRDA:75,15,1,0
BRDA:82,16,0,0
BRDA:82,16,1,0
BRDA:82,17,0,0
BRDA:82,17,1,0
BRF:35
BRH:0
end_of_record
TN:
SF:/home/ilya/Workspace/dgeni-alive/src/packages/links-ext/services/links/index.js
FNF:0
FNH:0
DA:1,1
LF:1
LH:1
BRF:0
BRH:0
end_of_record
TN:
SF:/home/ilya/Workspace/dgeni-alive/src/packages/links-ext/services/links/angular-link.js
FN:7,angularLink
FN:22,checkApplicability
FN:26,makeUrl
FN:39,makeTitle
FNF:4
FNH:1
FNDA:3,angularLink
FNDA:0,checkApplicability
FNDA:0,makeUrl
FNDA:0,makeTitle
DA:1,1
DA:7,1
DA:13,3
DA:16,3
DA:17,3
DA:19,3
DA:20,3
DA:22,1
DA:23,0
DA:26,1
DA:27,0
DA:28,0
DA:29,0
DA:39,1
DA:40,0
DA:41,0
DA:42,0
DA:43,0
DA:44,0
DA:46,0
DA:49,3
LF:21
LH:11
BRDA:28,1,0,0
BRDA:28,1,1,0
BRDA:29,2,0,0
BRDA:29,2,1,0
BRDA:42,3,0,0
BRDA:42,3,1,0
BRDA:43,4,0,0
BRDA:43,4,1,0
BRF:8
BRH:0
end_of_record
TN:
SF:/home/ilya/Workspace/dgeni-alive/src/packages/links-ext/services/links/native-link.js
FN:7,nativeLink
FN:21,getEntry
FN:23,(anonymous_3)
FN:28,checkApplicability
FN:36,makeUrl
FN:40,makeTitle
FNF:6
FNH:1
FNDA:3,nativeLink
FNDA:0,getEntry
FNDA:0,(anonymous_3)
FNDA:0,checkApplicability
FNDA:0,makeUrl
FNDA:0,makeTitle
DA:1,1
DA:7,1
DA:8,3
DA:19,3
DA:21,1
DA:22,0
DA:23,0
DA:24,0
DA:28,1
DA:29,0
DA:30,0
DA:31,0
DA:33,0
DA:36,1
DA:37,0
DA:40,1
DA:41,0
DA:44,3
LF:18
LH:9
BRDA:30,1,0,0
BRDA:30,1,1,0
BRF:2
BRH:0
end_of_record
TN:
SF:/home/ilya/Workspace/dgeni-alive/src/packages/links-ext/inline-tag-defs/index.js
FNF:0
FNH:0
DA:1,1
LF:1
LH:1
BRF:0
BRH:0
end_of_record
TN:
SF:/home/ilya/Workspace/dgeni-alive/src/packages/ngdoc-ext/index.js
FN:17,(anonymous_1)
FN:22,(anonymous_2)
FNF:2
FNH:2
FNDA:1,(anonymous_1)
FNDA:1,(anonymous_2)
DA:1,1
DA:2,1
DA:8,1
DA:18,1
DA:23,1
LF:5
LH:5
BRF:0
BRH:0
end_of_record
TN:
SF:/home/ilya/Workspace/dgeni-alive/src/packages/ngdoc-ext/services/getTypeLink.js
FN:8,getTypeLink
FN:10,TypeLink
FN:18,(anonymous_3)
FNF:3
FNH:1
FNDA:1,getTypeLink
FNDA:0,TypeLink
FNDA:0,(anonymous_3)
DA:1,1
DA:2,1
DA:8,1
DA:10,1
DA:11,0
DA:12,0
DA:13,0
DA:14,0
DA:15,0
DA:16,0
DA:17,0
DA:18,0
DA:19,0
DA:20,0
DA:22,0
DA:25,0
DA:26,0
DA:27,0
DA:28,0
DA:31,0
DA:33,0
DA:34,0
DA:36,0
DA:37,0
DA:38,0
DA:41,1
LF:26
LH:5
BRDA:15,1,0,0
BRDA:15,1,1,0
BRDA:19,2,0,0
BRDA:19,2,1,0
BRDA:19,3,0,0
BRDA:19,3,1,0
BRDA:25,4,0,0
BRDA:25,4,1,0
BRDA:25,5,0,0
BRDA:25,5,1,0
BRF:10
BRH:0
end_of_record
TN:
SF:/home/ilya/Workspace/dgeni-alive/src/packages/ngdoc-ext/processors/embedImages.js
FN:11,embedImages
FN:14,(anonymous_2)
FN:17,(anonymous_3)
FN:22,(anonymous_4)
FN:23,(anonymous_5)
FN:24,(anonymous_6)
FNF:6
FNH:1
FNDA:1,embedImages
FNDA:0,(anonymous_2)
FNDA:0,(anonymous_3)
FNDA:0,(anonymous_4)
FNDA:0,(anonymous_5)
FNDA:0,(anonymous_6)
DA:1,1
DA:2,1
DA:3,1
DA:4,1
DA:11,1
DA:12,1
DA:15,0
DA:20,0
DA:23,0
DA:24,0
DA:25,0
DA:26,0
DA:28,0
DA:29,0
DA:30,0
DA:31,0
DA:33,0
DA:34,0
LF:18
LH:6
BRDA:25,1,0,0
BRDA:25,1,1,0
BRF:2
BRH:0
end_of_record
TN:
SF:/home/ilya/Workspace/dgeni-alive/src/packages/ngdoc-ext/processors/generateErrorsGroupArea.js
FN:9,generateErrorsGroupArea
FN:13,(anonymous_2)
FN:15,(anonymous_3)
FN:18,(anonymous_4)
FN:20,(anonymous_5)
FNF:5
FNH:5
FNDA:1,generateErrorsGroupArea
FNDA:1,(anonymous_2)
FNDA:3,(anonymous_3)
FNDA:3,(anonymous_4)
FNDA:6,(anonymous_5)
DA:1,1
DA:9,1
DA:10,1
DA:15,1
DA:16,3
DA:19,3
DA:20,2
DA:23,6
DA:27,2
DA:41,3
DA:42,2
LF:11
LH:11
BRDA:19,1,0,2
BRDA:19,1,1,1
BRDA:41,2,0,2
BRDA:41,2,1,1
BRF:4
BRH:4
end_of_record
TN:
SF:/home/ilya/Workspace/dgeni-alive/src/packages/website/index.js
FN:16,(anonymous_1)
FN:28,(anonymous_2)
FN:29,(anonymous_3)
FN:35,(anonymous_4)
FNF:4
FNH:4
FNDA:1,(anonymous_1)
FNDA:1,(anonymous_2)
FNDA:1,(anonymous_3)
FNDA:1,(anonymous_4)
DA:1,1
DA:2,1
DA:8,1
DA:17,1
DA:19,1
DA:29,1
DA:30,1
DA:36,1
DA:42,1
DA:48,1
DA:54,1
DA:60,1
LF:12
LH:12
BRF:0
BRH:0
end_of_record
TN:
SF:/home/ilya/Workspace/dgeni-alive/src/packages/navigation/index.js
FN:14,(anonymous_1)
FN:19,(anonymous_2)
FNF:2
FNH:2
FNDA:1,(anonymous_1)
FNDA:1,(anonymous_2)
DA:1,1
DA:2,1
DA:8,1
DA:15,1
DA:20,1
LF:5
LH:5
BRF:0
BRH:0
end_of_record
TN:
SF:/home/ilya/Workspace/dgeni-alive/src/packages/navigation/processors/navigation.js
FN:5,generateNavigationProcessor
FN:18,(anonymous_2)
FN:19,(anonymous_3)
FN:23,(anonymous_4)
FN:27,(anonymous_5)
FN:29,(anonymous_6)
FNF:6
FNH:3
FNDA:1,generateNavigationProcessor
FNDA:1,(anonymous_2)
FNDA:4,(anonymous_3)
FNDA:0,(anonymous_4)
FNDA:0,(anonymous_5)
FNDA:0,(anonymous_6)
DA:3,1
DA:5,1
DA:7,1
DA:9,1
DA:12,1
DA:19,1
DA:20,4
DA:25,0
DA:26,0
DA:28,0
DA:30,0
DA:33,0
DA:34,0
DA:35,0
DA:37,0
DA:39,0
DA:42,0
DA:43,0
DA:50,0
DA:51,0
DA:55,0
DA:62,0
LF:22
LH:7
BRDA:34,1,0,0
BRDA:34,1,1,0
BRDA:42,2,0,0
BRDA:42,2,1,0
BRDA:46,3,0,0
BRDA:46,3,1,0
BRF:6
BRH:0
end_of_record
TN:
SF:/home/ilya/Workspace/dgeni-alive/src/packages/search/index.js
FNF:0
FNH:0
DA:1,1
DA:2,1
DA:8,1
LF:3
LH:3
BRF:0
BRH:0
end_of_record
TN:
SF:/home/ilya/Workspace/dgeni-alive/src/packages/search/processors/search-index.js
FN:10,generateSearchIndexProcessorFactory
FN:14,cleanText
FN:29,(anonymous_3)
FN:36,generateSearchIndexProcessor
FN:41,(anonymous_5)
FN:47,(anonymous_6)
FN:50,(anonymous_7)
FN:77,(anonymous_8)
FN:86,(anonymous_9)
FNF:9
FNH:1
FNDA:1,generateSearchIndexProcessorFactory
FNDA:0,cleanText
FNDA:0,(anonymous_3)
FNDA:0,generateSearchIndexProcessor
FNDA:0,(anonymous_5)
FNDA:0,(anonymous_6)
FNDA:0,(anonymous_7)
FNDA:0,(anonymous_8)
FNDA:0,(anonymous_9)
DA:3,1
DA:4,1
DA:5,1
DA:6,1
DA:7,1
DA:8,1
DA:10,1
DA:14,1
DA:15,0
DA:16,0
DA:17,0
DA:19,0
DA:22,1
DA:24,1
DA:26,1
DA:30,0
DA:31,0
DA:32,0
DA:34,0
DA:38,0
DA:39,0
DA:41,0
DA:45,0
DA:49,0
DA:51,0
DA:53,0
DA:54,0
DA:55,0
DA:56,0
DA:64,0
DA:73,0
DA:77,0
DA:78,0
DA:81,0
DA:86,0
DA:87,0
DA:91,0
DA:99,0
DA:106,0
LF:39
LH:11
BRDA:16,1,0,0
BRDA:16,1,1,0
BRDA:30,2,0,0
BRDA:30,2,1,0
BRDA:45,3,0,0
BRDA:45,3,1,0
BRDA:51,4,0,0
BRDA:51,4,1,0
BRDA:53,5,0,0
BRDA:53,5,1,0
BRDA:54,6,0,0
BRDA:54,6,1,0
BRDA:56,7,0,0
BRDA:56,7,1,0
BRDA:57,8,0,0
BRDA:57,8,1,0
BRDA:58,9,0,0
BRDA:58,9,1,0
BRDA:59,10,0,0
BRDA:59,10,1,0
BRDA:60,11,0,0
BRDA:60,11,1,0
BRDA:61,12,0,0
BRDA:61,12,1,0
BRDA:93,13,0,0
BRDA:93,13,1,0
BRF:26
BRH:0
end_of_record
TN:
SF:/home/ilya/Workspace/dgeni-alive/src/packages/website/processors/computePaths.js
FN:5,computeWebsitePathsProcessor
FN:10,(anonymous_2)
FNF:2
FNH:1
FNDA:1,computeWebsitePathsProcessor
FNDA:0,(anonymous_2)
DA:5,1
DA:7,1
DA:11,0
LF:3
LH:2
BRF:0
BRH:0
end_of_record
TN:
SF:/home/ilya/Workspace/dgeni-alive/src/packages/website/processors/config.js
FN:3,generateConfigProcessor
FN:12,(anonymous_2)
FN:16,(anonymous_3)
FN:20,(anonymous_4)
FN:25,(anonymous_5)
FNF:5
FNH:1
FNDA:1,generateConfigProcessor
FNDA:0,(anonymous_2)
FNDA:0,(anonymous_3)
FNDA:0,(anonymous_4)
FNDA:0,(anonymous_5)
DA:3,1
DA:5,1
DA:7,1
DA:8,1
DA:9,1
DA:11,1
DA:13,0
DA:14,0
DA:17,0
DA:18,0
DA:21,0
DA:22,0
DA:26,0
LF:13
LH:6
BRF:0
BRH:0
end_of_record
TN:
SF:/home/ilya/Workspace/dgeni-alive/src/packages/website/processors/website.js
FN:8,generateWebsiteProcessor
FN:50,(anonymous_2)
FN:60,generateWebsiteProcessor
FN:61,(anonymous_4)
FNF:4
FNH:3
FNDA:1,generateWebsiteProcessor
FNDA:0,(anonymous_2)
FNDA:1,generateWebsiteProcessor
FNDA:5,(anonymous_4)
DA:8,1
DA:10,1
DA:12,1
DA:34,1
DA:47,1
DA:49,1
DA:51,0
DA:52,0
DA:54,0
DA:56,0
DA:61,1
DA:62,5
LF:12
LH:8
BRDA:51,1,0,0
BRDA:51,1,1,0
BRF:2
BRH:0
end_of_record
TN:
SF:/home/ilya/Workspace/dgeni-alive/src/packages/navigation/tag-defs/index.js
FNF:0
FNH:0
DA:1,1
LF:1
LH:1
BRF:0
BRH:0
end_of_record
TN:
SF:/home/ilya/Workspace/dgeni-alive/src/packages/navigation/tag-defs/sort-order.js
FN:5,sortOrderTagDef
FN:8,(anonymous_2)
FN:11,(anonymous_3)
FNF:3
FNH:1
FNDA:1,sortOrderTagDef
FNDA:0,(anonymous_2)
FNDA:0,(anonymous_3)
DA:5,1
DA:6,1
DA:9,0
DA:12,0
LF:4
LH:2
BRDA:9,1,0,0
BRDA:9,1,1,0
BRF:2
BRH:0
end_of_record
TN:
SF:/home/ilya/Workspace/dgeni-alive/src/packages/navigation/processors/nav-area-mapper/index.js
FNF:0
FNH:0
DA:1,1
LF:1
LH:1
BRF:0
BRH:0
end_of_record
TN:
SF:/home/ilya/Workspace/dgeni-alive/src/packages/navigation/processors/nav-area-mapper/api.js
FN:5,navigationMapper_API
FN:9,apiMapper
FN:16,(anonymous_3)
FN:31,(anonymous_4)
FN:36,(anonymous_5)
FN:49,(anonymous_6)
FN:62,(anonymous_7)
FNF:7
FNH:1
FNDA:1,navigationMapper_API
FNDA:0,apiMapper
FNDA:0,(anonymous_3)
FNDA:0,(anonymous_4)
FNDA:0,(anonymous_5)
FNDA:0,(anonymous_6)
FNDA:0,(anonymous_7)
DA:3,1
DA:5,1
DA:7,1
DA:9,1
DA:10,0
DA:12,0
DA:17,0
DA:18,0
DA:21,0
DA:22,0
DA:28,0
DA:30,0
DA:32,0
DA:37,0
DA:38,0
DA:40,0
DA:47,0
DA:50,0
DA:51,0
DA:60,0
DA:61,0
DA:62,0
DA:63,0
DA:66,0
DA:70,0
DA:73,1
DA:77,1
DA:81,1
LF:28
LH:7
BRDA:21,1,0,0
BRDA:21,1,1,0
BRDA:32,2,0,0
BRDA:32,2,1,0
BRDA:50,3,0,0
BRDA:50,3,1,0
BRDA:60,4,0,0
BRDA:60,4,1,0
BRF:8
BRH:0
end_of_record
TN:
SF:/home/ilya/Workspace/dgeni-alive/src/packages/navigation/processors/nav-area-mapper/docs.js
FN:5,navigationMapper_DOCS
FN:9,docsMapper
FN:19,(anonymous_3)
FNF:3
FNH:1
FNDA:1,navigationMapper_DOCS
FNDA:0,docsMapper
FNDA:0,(anonymous_3)
DA:3,1
DA:5,1
DA:7,1
DA:9,1
DA:10,0
DA:17,0
DA:20,0
DA:28,0
DA:32,1
DA:36,1
DA:40,1
DA:46,1
LF:12
LH:8
BRF:0
BRH:0
end_of_record
TN:
SF:/home/ilya/Workspace/dgeni-alive/src/packages/navigation/processors/nav-area-mapper/error.js
FN:5,navigationMapper_ERROR
FN:9,errorMapper
FN:21,(anonymous_3)
FN:34,(anonymous_4)
FN:38,(anonymous_5)
FNF:5
FNH:1
FNDA:1,navigationMapper_ERROR
FNDA:0,errorMapper
FNDA:0,(anonymous_3)
FNDA:0,(anonymous_4)
FNDA:0,(anonymous_5)
DA:3,1
DA:5,1
DA:7,1
DA:9,1
DA:10,0
DA:17,0
DA:22,0
DA:23,0
DA:25,0
DA:31,0
DA:33,0
DA:35,0
DA:39,0
DA:47,0
DA:50,1
DA:54,1
DA:58,1
LF:17
LH:7
BRDA:35,1,0,0
BRDA:35,1,1,0
BRF:2
BRH:0
end_of_record
TN:
SF:/home/ilya/Workspace/dgeni-alive/src/packages/navigation/processors/nav-area-mapper/guide.js
FN:5,navigationMapper_GUIDE
FN:9,guideMapper
FN:19,(anonymous_3)
FNF:3
FNH:1
FNDA:1,navigationMapper_GUIDE
FNDA:0,guideMapper
FNDA:0,(anonymous_3)
DA:3,1
DA:5,1
DA:7,1
DA:9,1
DA:10,0
DA:17,0
DA:20,0
DA:28,0
DA:32,1
DA:36,1
DA:40,1
DA:46,1
LF:12
LH:8
BRF:0
BRH:0
end_of_record
TN:
SF:/home/ilya/Workspace/dgeni-alive/src/packages/website/tag-defs/index.js
FNF:0
FNH:0
DA:1,1
LF:1
LH:1
BRF:0
BRH:0
end_of_record
TN:
SF:/home/ilya/Workspace/dgeni-alive/src/packages/website/tag-defs/fullscreen-tag.js
FN:4,(anonymous_1)
FN:7,(anonymous_2)
FNF:2
FNH:1
FNDA:1,(anonymous_1)
FNDA:0,(anonymous_2)
DA:4,1
DA:5,1
DA:7,0
LF:3
LH:2
BRF:0
BRH:0
end_of_record
